<?xml version="1.0" encoding="UTF-8"?>
<!-- Generated by org.testng.reporters.JUnitXMLReporter -->
<testsuite hostname="SrinivasulusMBP.lan" ignored="0" name="Banking APP Test" tests="2" failures="0" timestamp="03 Jun 2023 05:03:13 GMT" time="70.431" errors="0">
  <testcase name="addNewCustomer" time="30.308" classname="com.inetbanking.testcases.TC_AddCustomerTest_003"/>
  <testcase name="LoginTest" time="10.303" classname="com.inetbanking.testcases.Tc_LoginTest_001"/>
</testsuite> <!-- Banking APP Test -->
