<?xml version="1.0" encoding="UTF-8"?>
<testng-results skipped="0" failed="0" ignored="0" total="2" passed="2">
  <reporter-output>
  </reporter-output>
  <suite name="Suite" duration-ms="66960" started-at="2023-06-03T05:24:14Z" finished-at="2023-06-03T05:25:21Z">
    <groups>
    </groups>
    <test name="Banking APP Test" duration-ms="66960" started-at="2023-06-03T05:24:14Z" finished-at="2023-06-03T05:25:21Z">
      <class name="com.inetbanking.testcases.TC_AddCustomerTest_003">
        <test-method status="PASS" signature="setup(java.lang.String)[pri:0, instance:com.inetbanking.testcases.TC_AddCustomerTest_003@1677d1]" name="setup" is-config="true" duration-ms="14452" started-at="2023-06-03T05:24:14Z" finished-at="2023-06-03T05:24:29Z">
          <params>
            <param index="0">
              <value>
                <![CDATA[chrome]]>
              </value>
            </param>
          </params>
          <reporter-output>
          </reporter-output>
        </test-method> <!-- setup -->
        <test-method status="PASS" signature="addNewCustomer()[pri:0, instance:com.inetbanking.testcases.TC_AddCustomerTest_003@1677d1]" name="addNewCustomer" duration-ms="23420" started-at="2023-06-03T05:24:29Z" finished-at="2023-06-03T05:24:52Z">
          <reporter-output>
          </reporter-output>
        </test-method> <!-- addNewCustomer -->
        <test-method status="PASS" signature="tearDown()[pri:0, instance:com.inetbanking.testcases.TC_AddCustomerTest_003@1677d1]" name="tearDown" is-config="true" duration-ms="209" started-at="2023-06-03T05:24:52Z" finished-at="2023-06-03T05:24:53Z">
          <reporter-output>
          </reporter-output>
        </test-method> <!-- tearDown -->
      </class> <!-- com.inetbanking.testcases.TC_AddCustomerTest_003 -->
      <class name="com.inetbanking.testcases.Tc_LoginTest_001">
        <test-method status="PASS" signature="setup(java.lang.String)[pri:0, instance:com.inetbanking.testcases.Tc_LoginTest_001@48fa0f47]" name="setup" is-config="true" duration-ms="13932" started-at="2023-06-03T05:24:53Z" finished-at="2023-06-03T05:25:07Z">
          <params>
            <param index="0">
              <value>
                <![CDATA[chrome]]>
              </value>
            </param>
          </params>
          <reporter-output>
          </reporter-output>
        </test-method> <!-- setup -->
        <test-method status="PASS" signature="LoginTest()[pri:0, instance:com.inetbanking.testcases.Tc_LoginTest_001@48fa0f47]" name="LoginTest" duration-ms="14412" started-at="2023-06-03T05:25:07Z" finished-at="2023-06-03T05:25:21Z">
          <reporter-output>
          </reporter-output>
        </test-method> <!-- LoginTest -->
        <test-method status="PASS" signature="tearDown()[pri:0, instance:com.inetbanking.testcases.Tc_LoginTest_001@48fa0f47]" name="tearDown" is-config="true" duration-ms="157" started-at="2023-06-03T05:25:21Z" finished-at="2023-06-03T05:25:21Z">
          <reporter-output>
          </reporter-output>
        </test-method> <!-- tearDown -->
      </class> <!-- com.inetbanking.testcases.Tc_LoginTest_001 -->
    </test> <!-- Banking APP Test -->
  </suite> <!-- Suite -->
</testng-results>
