<?xml version="1.0" encoding="UTF-8"?>
<testng-results skipped="0" failed="0" ignored="0" total="1" passed="1">
  <reporter-output>
  </reporter-output>
  <suite name="Suite" duration-ms="48315" started-at="2023-06-01T18:34:40Z" finished-at="2023-06-01T18:35:29Z">
    <groups>
    </groups>
    <test name="Banking APP Test" duration-ms="48315" started-at="2023-06-01T18:34:40Z" finished-at="2023-06-01T18:35:29Z">
      <class name="com.inetbanking.testcases.TC_AddCustomerTest_003">
        <test-method status="PASS" signature="setup(java.lang.String)[pri:0, instance:com.inetbanking.testcases.TC_AddCustomerTest_003@333291e3]" name="setup" is-config="true" duration-ms="15510" started-at="2023-06-01T18:34:41Z" finished-at="2023-06-01T18:34:56Z">
          <params>
            <param index="0">
              <value>
                <![CDATA[chrome]]>
              </value>
            </param>
          </params>
          <reporter-output>
          </reporter-output>
        </test-method> <!-- setup -->
        <test-method status="PASS" signature="addNewCustomer()[pri:0, instance:com.inetbanking.testcases.TC_AddCustomerTest_003@333291e3]" name="addNewCustomer" duration-ms="32363" started-at="2023-06-01T18:34:56Z" finished-at="2023-06-01T18:35:29Z">
          <reporter-output>
          </reporter-output>
        </test-method> <!-- addNewCustomer -->
        <test-method status="PASS" signature="tearDown()[pri:0, instance:com.inetbanking.testcases.TC_AddCustomerTest_003@333291e3]" name="tearDown" is-config="true" duration-ms="109" started-at="2023-06-01T18:35:29Z" finished-at="2023-06-01T18:35:29Z">
          <reporter-output>
          </reporter-output>
        </test-method> <!-- tearDown -->
      </class> <!-- com.inetbanking.testcases.TC_AddCustomerTest_003 -->
    </test> <!-- Banking APP Test -->
  </suite> <!-- Suite -->
</testng-results>
